============================================================
  Generated by:           Genus(TM) Synthesis Solution GENUS15.20 - 15.20-p004_1
  Generated on:           May 24 2025  04:38:57 pm
  Module:                 synth_wrapper
  Interconnect mode:      global
  Area mode:              timing library
============================================================

                                                     
              Gate               Instances    Area                Library             
--------------------------------------------------------------------------------------
sky130_fd_sc_hd__a21boi_1                1     7.507    sky130_fd_sc_hd__tt_025C_1v80 
sky130_fd_sc_hd__a21oi_1                 6    30.029    sky130_fd_sc_hd__tt_025C_1v80 
sky130_fd_sc_hd__a21oi_2                 3    26.275    sky130_fd_sc_hd__tt_025C_1v80 
sky130_fd_sc_hd__a22oi_1                 2    15.014    sky130_fd_sc_hd__tt_025C_1v80 
sky130_fd_sc_hd__a31oi_2                 1    12.512    sky130_fd_sc_hd__tt_025C_1v80 
sky130_fd_sc_hd__a32oi_1                 3    26.275    sky130_fd_sc_hd__tt_025C_1v80 
sky130_fd_sc_hd__and2_1                  2    12.512    sky130_fd_sc_hd__tt_025C_1v80 
sky130_fd_sc_hd__and2_4                  1     8.758    sky130_fd_sc_hd__tt_025C_1v80 
sky130_fd_sc_hd__and3_2                  1     7.507    sky130_fd_sc_hd__tt_025C_1v80 
sky130_fd_sc_hd__and3b_1                 1     8.758    sky130_fd_sc_hd__tt_025C_1v80 
sky130_fd_sc_hd__buf_1                   4    15.014    sky130_fd_sc_hd__tt_025C_1v80 
sky130_fd_sc_hd__buf_2                   3    15.014    sky130_fd_sc_hd__tt_025C_1v80 
sky130_fd_sc_hd__buf_4                   1     7.507    sky130_fd_sc_hd__tt_025C_1v80 
sky130_fd_sc_hd__buf_6                   2    22.522    sky130_fd_sc_hd__tt_025C_1v80 
sky130_fd_sc_hd__clkbuf_1                2     7.507    sky130_fd_sc_hd__tt_025C_1v80 
sky130_fd_sc_hd__clkbuf_2                1     5.005    sky130_fd_sc_hd__tt_025C_1v80 
sky130_fd_sc_hd__clkbuf_8                1    13.763    sky130_fd_sc_hd__tt_025C_1v80 
sky130_fd_sc_hd__clkinv_1                5    18.768    sky130_fd_sc_hd__tt_025C_1v80 
sky130_fd_sc_hd__clkinv_2                6    30.029    sky130_fd_sc_hd__tt_025C_1v80 
sky130_fd_sc_hd__clkinv_4                2    17.517    sky130_fd_sc_hd__tt_025C_1v80 
sky130_fd_sc_hd__dfrtp_1                47  1176.128    sky130_fd_sc_hd__tt_025C_1v80 
sky130_fd_sc_hd__dfrtp_2                 9   236.477    sky130_fd_sc_hd__tt_025C_1v80 
sky130_fd_sc_hd__dlymetal6s2s_1          1    12.512    sky130_fd_sc_hd__tt_025C_1v80 
sky130_fd_sc_hd__inv_1                  29   108.854    sky130_fd_sc_hd__tt_025C_1v80 
sky130_fd_sc_hd__inv_2                  46   172.666    sky130_fd_sc_hd__tt_025C_1v80 
sky130_fd_sc_hd__inv_4                  10    62.560    sky130_fd_sc_hd__tt_025C_1v80 
sky130_fd_sc_hd__maj3_1                  1    10.010    sky130_fd_sc_hd__tt_025C_1v80 
sky130_fd_sc_hd__nand2_1                75   281.520    sky130_fd_sc_hd__tt_025C_1v80 
sky130_fd_sc_hd__nand2_2                40   250.240    sky130_fd_sc_hd__tt_025C_1v80 
sky130_fd_sc_hd__nand2_4                17   191.434    sky130_fd_sc_hd__tt_025C_1v80 
sky130_fd_sc_hd__nand2b_1                8    50.048    sky130_fd_sc_hd__tt_025C_1v80 
sky130_fd_sc_hd__nand2b_2                2    17.517    sky130_fd_sc_hd__tt_025C_1v80 
sky130_fd_sc_hd__nand3_1                20   100.096    sky130_fd_sc_hd__tt_025C_1v80 
sky130_fd_sc_hd__nand3_2                16   160.154    sky130_fd_sc_hd__tt_025C_1v80 
sky130_fd_sc_hd__nand3b_1                3    22.522    sky130_fd_sc_hd__tt_025C_1v80 
sky130_fd_sc_hd__nand4_1                 2    12.512    sky130_fd_sc_hd__tt_025C_1v80 
sky130_fd_sc_hd__nand4_2                 1    12.512    sky130_fd_sc_hd__tt_025C_1v80 
sky130_fd_sc_hd__nand4_4                 1    21.270    sky130_fd_sc_hd__tt_025C_1v80 
sky130_fd_sc_hd__nand4b_1                2    17.517    sky130_fd_sc_hd__tt_025C_1v80 
sky130_fd_sc_hd__nor2_1                 12    45.043    sky130_fd_sc_hd__tt_025C_1v80 
sky130_fd_sc_hd__nor2_2                  6    37.536    sky130_fd_sc_hd__tt_025C_1v80 
sky130_fd_sc_hd__nor2_4                  1    11.261    sky130_fd_sc_hd__tt_025C_1v80 
sky130_fd_sc_hd__nor2b_1                 3    18.768    sky130_fd_sc_hd__tt_025C_1v80 
sky130_fd_sc_hd__nor2b_2                 1     8.758    sky130_fd_sc_hd__tt_025C_1v80 
sky130_fd_sc_hd__nor3_1                  1     5.005    sky130_fd_sc_hd__tt_025C_1v80 
sky130_fd_sc_hd__nor3b_1                 1     7.507    sky130_fd_sc_hd__tt_025C_1v80 
sky130_fd_sc_hd__o2111a_1                2    22.522    sky130_fd_sc_hd__tt_025C_1v80 
sky130_fd_sc_hd__o2111ai_1               1     8.758    sky130_fd_sc_hd__tt_025C_1v80 
sky130_fd_sc_hd__o211a_1                 1    10.010    sky130_fd_sc_hd__tt_025C_1v80 
sky130_fd_sc_hd__o21a_1                  4    30.029    sky130_fd_sc_hd__tt_025C_1v80 
sky130_fd_sc_hd__o21ai_1                14    70.067    sky130_fd_sc_hd__tt_025C_1v80 
sky130_fd_sc_hd__o21ai_2                 7    61.309    sky130_fd_sc_hd__tt_025C_1v80 
sky130_fd_sc_hd__o221ai_1                1     8.758    sky130_fd_sc_hd__tt_025C_1v80 
sky130_fd_sc_hd__o22ai_1                 1     6.256    sky130_fd_sc_hd__tt_025C_1v80 
sky130_fd_sc_hd__o2bb2ai_1               3    26.275    sky130_fd_sc_hd__tt_025C_1v80 
sky130_fd_sc_hd__o2bb2ai_2               1    15.014    sky130_fd_sc_hd__tt_025C_1v80 
sky130_fd_sc_hd__xnor2_1                 6    52.550    sky130_fd_sc_hd__tt_025C_1v80 
sky130_fd_sc_hd__xnor2_2                 1    16.266    sky130_fd_sc_hd__tt_025C_1v80 
sky130_fd_sc_hd__xor2_1                  3    26.275    sky130_fd_sc_hd__tt_025C_1v80 
--------------------------------------------------------------------------------------
total                                  448  3712.310                                  


                                     
   Type    Instances   Area   Area % 
-------------------------------------
sequential        56 1412.605   38.1 
inverter          98  410.394   11.1 
buffer            15   98.845    2.7 
logic            279 1790.467   48.2 
-------------------------------------
total            448 3712.310  100.0 

