============================================================
  Generated by:           Genus(TM) Synthesis Solution GENUS15.20 - 15.20-p004_1
  Generated on:           May 24 2025  04:38:58 pm
  Module:                 synth_wrapper
  Interconnect mode:      global
  Area mode:              timing library
============================================================

                     Leakage    Dynamic      Total    
   Instance   Cells Power(nW)  Power(nW)   Power(nW)  
------------------------------------------------------
synth_wrapper   448     1.897 4918072.864 4918074.761 
  dutty         420     1.595 3592911.844 3592913.439 
    S_buff        8     0.092  344628.995  344629.087 
      bit1        1     0.012   42481.558   42481.570 
      bit0        1     0.012   41993.617   41993.628 
      bit5        1     0.012   43194.817   43194.828 
      bit6        1     0.012   43636.752   43636.763 
      bit2        1     0.011   42850.434   42850.446 
      bit7        1     0.011   43485.602   43485.614 
      bit3        1     0.011   43291.632   43291.644 
      bit4        1     0.011   43694.582   43694.594 
    fetch_B       8     0.083  320434.452  320434.535 
      bit5        1     0.010   39580.793   39580.804 
      bit0        1     0.010   39610.117   39610.128 
      bit1        1     0.010   40374.354   40374.365 
      bit3        1     0.010   41060.103   41060.114 
      bit6        1     0.010   39036.374   39036.385 
      bit7        1     0.010   38266.046   38266.057 
      bit4        1     0.010   37101.910   37101.920 
      bit2        1     0.010   45404.753   45404.763 
    fetch_A       8     0.080  372573.884  372573.965 
      bit5        1     0.011   46183.060   46183.070 
      bit0        1     0.010   37215.395   37215.405 
      bit3        1     0.010   39831.528   39831.538 
      bit4        1     0.010   52106.587   52106.597 
      bit6        1     0.010   51669.454   51669.464 
      bit1        1     0.010   50521.445   50521.455 
      bit2        1     0.010   47851.470   47851.479 
      bit7        1     0.010   47194.947   47194.957 
    fetch_op      3     0.031  122028.632  122028.664 
      bit2        1     0.010   38866.225   38866.236 
      bit1        1     0.010   37807.022   37807.033 
      bit0        1     0.010   45355.385   45355.395 
    Cout_buff     1     0.013   33963.126   33963.139 

