============================================================
  Generated by:           Genus(TM) Synthesis Solution GENUS15.20 - 15.20-p004_1
  Generated on:           May 24 2025  04:38:58 pm
  Module:                 synth_wrapper
  Interconnect mode:      global
  Area mode:              timing library
============================================================

   Instance    Cells  Cell Area  Net Area  Total Area 
------------------------------------------------------
synth_wrapper    448       3712      2245        5957 
  dutty          420       3008      2040        5048 
    fetch_A        8        206         0         206 
      bit7         1         26         0          26 
      bit6         1         26         0          26 
      bit4         1         26         0          26 
      bit2         1         26         0          26 
      bit1         1         26         0          26 
      bit5         1         25         0          25 
      bit3         1         25         0          25 
      bit0         1         25         0          25 
    fetch_B        8        201         0         201 
      bit2         1         26         0          26 
      bit7         1         25         0          25 
      bit6         1         25         0          25 
      bit5         1         25         0          25 
      bit4         1         25         0          25 
      bit3         1         25         0          25 
      bit1         1         25         0          25 
      bit0         1         25         0          25 
    S_buff         8        200         0         200 
      bit7         1         25         0          25 
      bit6         1         25         0          25 
      bit5         1         25         0          25 
      bit4         1         25         0          25 
      bit3         1         25         0          25 
      bit2         1         25         0          25 
      bit1         1         25         0          25 
      bit0         1         25         0          25 
    fetch_op       3         75         0          75 
      bit2         1         25         0          25 
      bit1         1         25         0          25 
      bit0         1         25         0          25 
    Cout_buff      1         25         0          25 
