============================================================
  Generated by:           Genus(TM) Synthesis Solution GENUS15.20 - 15.20-p004_1
  Generated on:           May 24 2025  04:38:57 pm
  Module:                 synth_wrapper
  Interconnect mode:      global
  Area mode:              timing library
============================================================

Timing
--------

Clock Period 
-------------
clk   1432.0 


  Cost    Critical          Violating 
 Group   Path Slack   TNS     Paths   
--------------------------------------
default       -42.7   -183          6 
--------------------------------------
Total                 -183          6 

Instance Count
--------------
Leaf Instance Count             448 
Sequential Instance Count        56 
Combinational Instance Count    392 
Hierarchical Instance Count      33 

Area
----
Cell Area                          3712.310
Physical Cell Area                 0.000
Total Cell Area (Cell+Physical)    3712.310
Net Area                           2244.570
Total Area (Cell+Physical+Net)     5956.880

Max Fanout                         56 (clk)
Min Fanout                         1 (A_reg[0])
Average Fanout                     2.1
Terms to net ratio                 3.0
Terms to instance ratio            3.2
Runtime                            106.469 seconds
Elapsed Runtime                    118 seconds
RC peak memory usage:              427.76 
EDI peak memory usage:             no_value 
Hostname                           centos7
